<?xml version="1.0" encoding="UTF-8"?>
<!-- Generated by org.testng.reporters.JUnitReportReporter -->
<testsuite skipped="0" hostname="zConL-12" name="testCases.PurchaseAnItem" tests="1" failures="0" timestamp="28 Oct 2020 15:58:47 GMT" time="81.936" errors="0">
  <testcase name="purchaseAnItem" time="81.936" classname="testCases.PurchaseAnItem"/>
</testsuite> <!-- testCases.PurchaseAnItem -->
